<?xml version="1.0" encoding="UTF-8"?>
<!-- Generated by org.testng.reporters.JUnitReportReporter -->
<testsuite skipped="0" hostname="HICBEL61558" name="com.Tests.LogOutTest" tests="1" failures="0" timestamp="27 Feb 2018 14:34:53 GMT" time="74.857" errors="0">
  <testcase name="logoutFromApplication" time="74.857" classname="com.Tests.LogOutTest"/>
</testsuite> <!-- com.Tests.LogOutTest -->
