<?xml version="1.0" encoding="UTF-8"?>
<!-- Generated by org.testng.reporters.JUnitReportReporter -->
<testsuite skipped="0" hostname="HICBEL61558" name="com.honeywelltotalconnecttests.RestAPI" tests="2" failures="0" timestamp="07 Aug 2018 10:28:20 GMT" time="2.626" errors="0">
  <testcase name="makeSureThatGoogleIsUp" time="1.436" classname="com.honeywelltotalconnecttests.RestAPI"/>
  <testcase name="testPUT" time="1.190" classname="com.honeywelltotalconnecttests.RestAPI"/>
</testsuite> <!-- com.honeywelltotalconnecttests.RestAPI -->
