<?xml version="1.0" encoding="UTF-8"?>
<!-- Generated by org.testng.reporters.JUnitReportReporter -->
<testsuite skipped="1" hostname="IE3PLT265L5S2" name="com.flipkarttests.SignoutTest" tests="1" failures="0" timestamp="22 Feb 2019 09:49:10 GMT" time="0.000" errors="0">
  <testcase name="verifyLogoutFromApplication" time="0.000" classname="com.flipkarttests.SignoutTest">
    <skipped/>
  </testcase> <!-- verifyLogoutFromApplication -->
</testsuite> <!-- com.flipkarttests.SignoutTest -->
