<?xml version="1.0" encoding="UTF-8"?>
<!-- Generated by org.testng.reporters.JUnitReportReporter -->
<testsuite skipped="0" hostname="HICBEL61558" name="com.honeywelltotalconnecttests.ProblemSigninginTest" tests="1" failures="0" timestamp="17 Apr 2018 08:14:14 GMT" time="14.307" errors="0">
  <testcase name="verifyProblemSigninginFAQ" time="14.307" classname="com.honeywelltotalconnecttests.ProblemSigninginTest"/>
</testsuite> <!-- com.honeywelltotalconnecttests.ProblemSigninginTest -->
