<?xml version="1.0" encoding="UTF-8"?>
<!-- Generated by org.testng.reporters.JUnitReportReporter -->
<testsuite skipped="0" hostname="HICBEL61558" name="com.Tests.LaunchGoogle" tests="1" failures="0" timestamp="27 Feb 2018 12:23:17 GMT" time="0.002" errors="0">
  <testcase name="OpenAUT" time="0.002" classname="com.Tests.LaunchGoogle"/>
</testsuite> <!-- com.Tests.LaunchGoogle -->
