<?xml version="1.0" encoding="UTF-8"?>
<!-- Generated by org.testng.reporters.JUnitReportReporter -->
<testsuite skipped="0" hostname="HICBEL61558" name="com.Tests.LogOutOperation" tests="1" failures="0" timestamp="27 Feb 2018 13:58:53 GMT" time="69.227" errors="0">
  <testcase name="logoutFromApplication" time="69.227" classname="com.Tests.LogOutOperation"/>
</testsuite> <!-- com.Tests.LogOutOperation -->
