<?xml version="1.0" encoding="UTF-8"?>
<!-- Generated by org.testng.reporters.JUnitReportReporter -->
<testsuite skipped="0" hostname="HICBEL61558" name="com.Tests.LoginTest" tests="3" failures="0" timestamp="23 Mar 2018 09:33:44 GMT" time="33.816" errors="0">
  <testcase name="verifyHomePage" time="1.909" classname="com.Tests.LoginTest"/>
  <testcase name="verifyLoginWithValidCredentials" time="16.418" classname="com.Tests.LoginTest"/>
  <testcase name="verifyLogoutFromApplication" time="15.489" classname="com.Tests.LoginTest"/>
</testsuite> <!-- com.Tests.LoginTest -->
