<?xml version="1.0" encoding="UTF-8"?>
<!-- Generated by org.testng.reporters.JUnitReportReporter -->
<testsuite skipped="0" hostname="HICBEL61558" name="com.Tests.HomePage" tests="2" failures="0" timestamp="27 Feb 2018 13:58:53 GMT" time="29.774" errors="0">
  <testcase name="verifyLoginWithValidCredentials" time="16.166" classname="com.Tests.HomePage"/>
  <testcase name="verifyHomePage" time="13.608" classname="com.Tests.HomePage"/>
</testsuite> <!-- com.Tests.HomePage -->
