<?xml version="1.0" encoding="UTF-8"?>
<!-- Generated by org.testng.reporters.JUnitReportReporter -->
<testsuite skipped="0" hostname="HICBEL61558" name="com.honeywelltotalconnecttests.TestDriveTest" tests="2" failures="0" timestamp="12 Apr 2018 13:02:02 GMT" time="54.706" errors="0">
  <testcase name="verifyTestDriveFunctionality" time="17.764" classname="com.honeywelltotalconnecttests.TestDriveTest"/>
  <testcase name="verifyTestDriveLocationEditFunctionality" time="36.942" classname="com.honeywelltotalconnecttests.TestDriveTest"/>
</testsuite> <!-- com.honeywelltotalconnecttests.TestDriveTest -->
